<?xml version="1.0" encoding="UTF-8" standalone="yes"?><!DOCTYPE report PUBLIC "-//JACOCO//DTD Report 1.1//EN" "report.dtd"><report name="sitePetition"><sessioninfo id="MacBook-Pro-de-PC-Matthias.local-1d6448bd" start="1621341942542" dump="1621341942948"/><sessioninfo id="MacBook-Pro-de-PC-Matthias.local-75f9df97" start="1621342146720" dump="1621342147130"/><sessioninfo id="MacBook-Pro-de-PC-Matthias.local-c17a8b80" start="1621342283844" dump="1621342284453"/><sessioninfo id="MacBook-Pro-de-PC-Matthias.local-c2319671" start="1621342727228" dump="1621342727820"/><sessioninfo id="MacBook-Pro-de-PC-Matthias.local-af6bfafc" start="1621343686699" dump="1621343687314"/><sessioninfo id="MacBook-Pro-de-PC-Matthias.local-f4f891b" start="1621344584217" dump="1621344584633"/><sessioninfo id="MacBook-Pro-de-PC-Matthias.local-7ef679af" start="1621345541768" dump="1621345542405"/><sessioninfo id="MacBook-Pro-de-PC-Matthias.local-687ce1" start="1621345628356" dump="1621345628721"/><sessioninfo id="MacBook-Pro-de-PC-Matthias.local-2a9a6c1e" start="1621345818220" dump="1621345818786"/><sessioninfo id="MacBook-Pro-de-PC-Matthias.local-4356714" start="1621438972456" dump="1621438972858"/><sessioninfo id="MacBook-Pro-de-PC-Matthias.local-afac8d7" start="1621439858167" dump="1621439858674"/><sessioninfo id="MacBook-Pro-de-PC-Matthias.local-e5552356" start="1623154877309" dump="1623154882768"/><sessioninfo id="MacBook-Pro-de-PC-Matthias.local-c34df34c" start="1623156155224" dump="1623156160671"/><sessioninfo id="MacBook-Pro-de-PC-Matthias.local-e85a3868" start="1623156881988" dump="1623156887410"/><sessioninfo id="MacBook-Pro-de-PC-Matthias.local-7f95f6e7" start="1623160841999" dump="1623160847494"/><sessioninfo id="MacBook-Pro-de-PC-Matthias.local-7b4e010e" start="1623161601147" dump="1623161606614"/><sessioninfo id="MacBook-Pro-de-PC-Matthias.local-3085a8f6" start="1623161713815" dump="1623161719263"/><sessioninfo id="MacBook-Pro-de-PC-Matthias.local-22937c86" start="1623161978579" dump="1623161984031"/><sessioninfo id="MacBook-Pro-de-PC-Matthias.local-90afac5b" start="1623162192964" dump="1623162198416"/><sessioninfo id="MacBook-Pro-de-PC-Matthias.local-5eb665d9" start="1623162341279" dump="1623162346736"/><sessioninfo id="MacBook-Pro-de-PC-Matthias.local-5cf4753f" start="1623162522483" dump="1623162527934"/><sessioninfo id="MacBook-Pro-de-PC-Matthias.local-f437a91d" start="1623162894281" dump="1623162899740"/><sessioninfo id="MacBook-Pro-de-PC-Matthias.local-2352e6b6" start="1623163850006" dump="1623163855453"/><sessioninfo id="MacBook-Pro-de-PC-Matthias.local-37cb8be2" start="1623478808161" dump="1623478813672"/><sessioninfo id="MacBook-Pro-de-PC-Matthias.local-8a3b3298" start="1623479039049" dump="1623479044508"/><sessioninfo id="MacBook-Pro-de-PC-Matthias.local-e53540d9" start="1623479228738" dump="1623479234208"/><sessioninfo id="MacBook-Pro-de-PC-Matthias.local-1a2b3e3a" start="1623479352755" dump="1623479358200"/><sessioninfo id="MacBook-Pro-de-PC-Matthias.local-5f12b0a" start="1623480247259" dump="1623480252750"/><sessioninfo id="MacBook-Pro-de-PC-Matthias.local-da10a4" start="1623480294341" dump="1623480299790"/><sessioninfo id="MacBook-Pro-de-PC-Matthias.local-f608840c" start="1623480315162" dump="1623480320582"/><sessioninfo id="MacBook-Pro-de-PC-Matthias.local-e922a1d8" start="1623480519321" dump="1623480524770"/><sessioninfo id="MacBook-Pro-de-PC-Matthias.local-badf069f" start="1623480591934" dump="1623480597385"/><sessioninfo id="MacBook-Pro-de-PC-Matthias.local-934677a4" start="1623480979447" dump="1623480984898"/><sessioninfo id="MacBook-Pro-de-PC-Matthias.local-3fc08c54" start="1623481365746" dump="1623481371197"/><sessioninfo id="MacBook-Pro-de-PC-Matthias.local-23e9a422" start="1623481566928" dump="1623481572365"/><sessioninfo id="MacBook-Pro-de-PC-Matthias.local-f293c11b" start="1623481997893" dump="1623482003345"/><sessioninfo id="MacBook-Pro-de-PC-Matthias.local-a68f7d9" start="1623482082603" dump="1623482088048"/><sessioninfo id="MacBook-Pro-de-PC-Matthias.local-1b4af66a" start="1623482577959" dump="1623482583396"/><sessioninfo id="MacBook-Pro-de-PC-Matthias.local-37dd1efd" start="1623482646092" dump="1623482651548"/><sessioninfo id="MacBook-Pro-de-PC-Matthias.local-b4759fee" start="1623483091682" dump="1623483097120"/><sessioninfo id="MacBook-Pro-de-PC-Matthias.local-6a424214" start="1623483182975" dump="1623483188368"/><sessioninfo id="MacBook-Pro-de-PC-Matthias.local-9ebeafee" start="1623483926369" dump="1623483931818"/><sessioninfo id="MacBook-Pro-de-PC-Matthias.local-d28a766" start="1623484227976" dump="1623484233418"/><sessioninfo id="MacBook-Pro-de-PC-Matthias.local-8dfc8890" start="1623484291621" dump="1623484297081"/><sessioninfo id="MacBook-Pro-de-PC-Matthias.local-91765040" start="1623484909264" dump="1623484914718"/><sessioninfo id="MacBook-Pro-de-PC-Matthias.local-d3640919" start="1623485085515" dump="1623485090958"/><sessioninfo id="MacBook-Pro-de-PC-Matthias.local-3dbf9b99" start="1623485290817" dump="1623485296222"/><sessioninfo id="MacBook-Pro-de-PC-Matthias.local-5892d056" start="1623485539045" dump="1623485544504"/><sessioninfo id="MacBook-Pro-de-PC-Matthias.local-72c386cb" start="1623486133951" dump="1623486139431"/><sessioninfo id="MacBook-Pro-de-PC-Matthias.local-38d9c592" start="1623486452463" dump="1623486457902"/><sessioninfo id="MacBook-Pro-de-PC-Matthias.local-bf5428eb" start="1623486551345" dump="1623486556800"/><sessioninfo id="MacBook-Pro-de-PC-Matthias.local-118c8c97" start="1623486904218" dump="1623486909710"/><sessioninfo id="MacBook-Pro-de-PC-Matthias.local-82e520de" start="1623488221542" dump="1623488226940"/><sessioninfo id="MacBook-Pro-de-PC-Matthias.local-e14c129f" start="1623833968096" dump="1623833973601"/><sessioninfo id="MacBook-Pro-de-PC-Matthias.local-88ec036" start="1623912996530" dump="1623912997116"/><sessioninfo id="MacBook-Pro-de-PC-Matthias.local-403ea6d1" start="1623913726880" dump="1623913727253"/><sessioninfo id="MacBook-Pro-de-PC-Matthias.local-6beb6348" start="1623913836859" dump="1623913837430"/><sessioninfo id="MacBook-Pro-de-PC-Matthias.local-6e35471b" start="1623914245226" dump="1623914245760"/><sessioninfo id="MacBook-Pro-de-PC-Matthias.local-e6809790" start="1623914444324" dump="1623914444890"/><sessioninfo id="MacBook-Pro-de-PC-Matthias.local-a8a220a8" start="1623914531631" dump="1623914532037"/><sessioninfo id="MacBook-Pro-de-PC-Matthias.local-dc8211f9" start="1623915460682" dump="1623915461267"/><sessioninfo id="MacBook-Pro-de-PC-Matthias.local-d0e56624" start="1623915636227" dump="1623915636833"/><sessioninfo id="MacBook-Pro-de-PC-Matthias.local-bba3211d" start="1623915697951" dump="1623915698324"/><sessioninfo id="MacBook-Pro-de-PC-Matthias.local-d24e27ed" start="1623915825006" dump="1623915825617"/><sessioninfo id="MacBook-Pro-de-PC-Matthias.local-c457a536" start="1623915952034" dump="1623915952741"/><sessioninfo id="MacBook-Pro-de-PC-Matthias.local-c6122468" start="1623916098866" dump="1623916099460"/><sessioninfo id="MacBook-Pro-de-PC-Matthias.local-6b93408" start="1623916182661" dump="1623916183070"/><sessioninfo id="MacBook-Pro-de-PC-Matthias.local-523e484a" start="1623917002978" dump="1623917003578"/><sessioninfo id="MacBook-Pro-de-PC-Matthias.local-92a73b06" start="1623917176746" dump="1623917177342"/><sessioninfo id="MacBook-Pro-de-PC-Matthias.local-43e39cc8" start="1623917251344" dump="1623917251776"/><sessioninfo id="MacBook-Pro-de-PC-Matthias.local-df3e3c11" start="1623917284618" dump="1623917285008"/><sessioninfo id="MacBook-Pro-de-PC-Matthias.local-39bc1c93" start="1623917486638" dump="1623917487023"/><sessioninfo id="MacBook-Pro-de-PC-Matthias.local-9395ef13" start="1623917648840" dump="1623917649215"/><sessioninfo id="MacBook-Pro-de-PC-Matthias.local-780cf8c7" start="1623917657827" dump="1623917658194"/><sessioninfo id="MacBook-Pro-de-PC-Matthias.local-e1623580" start="1623917736914" dump="1623917737289"/><sessioninfo id="MacBook-Pro-de-PC-Matthias.local-3a9b2a53" start="1623918091800" dump="1623918092376"/><sessioninfo id="MacBook-Pro-de-PC-Matthias.local-3c8d1004" start="1623918199566" dump="1623918199970"/><sessioninfo id="MacBook-Pro-de-PC-Matthias.local-171a6d74" start="1623918300436" dump="1623918301055"/><sessioninfo id="MacBook-Pro-de-PC-Matthias.local-869049bf" start="1623918701253" dump="1623918701882"/><sessioninfo id="MacBook-Pro-de-PC-Matthias.local-3d8bbf5d" start="1623918824215" dump="1623918824850"/><sessioninfo id="MacBook-Pro-de-PC-Matthias.local-5cf71d0c" start="1623918954987" dump="1623918955361"/><sessioninfo id="MacBook-Pro-de-PC-Matthias.local-dce8474e" start="1623919030510" dump="1623919031129"/><sessioninfo id="MacBook-Pro-de-PC-Matthias.local-e7d4e43c" start="1623919113629" dump="1623919114036"/><sessioninfo id="MacBook-Pro-de-PC-Matthias.local-ecb9f73c" start="1623919188814" dump="1623919189394"/><sessioninfo id="MacBook-Pro-de-PC-Matthias.local-5e8884f5" start="1623919285782" dump="1623919286158"/><sessioninfo id="MacBook-Pro-de-PC-Matthias.local-845c7db4" start="1623919377856" dump="1623919378403"/><sessioninfo id="MacBook-Pro-de-PC-Matthias.local-8add43ac" start="1623920983801" dump="1623920984420"/><sessioninfo id="MacBook-Pro-de-PC-Matthias.local-1b51c5d1" start="1623921123297" dump="1623921123890"/><sessioninfo id="MacBook-Pro-de-PC-Matthias.local-15c03909" start="1623921292870" dump="1623921293428"/><sessioninfo id="MacBook-Pro-de-PC-Matthias.local-dc654930" start="1623921551628" dump="1623921552233"/><sessioninfo id="MacBook-Pro-de-PC-Matthias.local-a1be5ee1" start="1623921731450" dump="1623921732014"/><sessioninfo id="MacBook-Pro-de-PC-Matthias.local-492ef29d" start="1623921809568" dump="1623921809968"/><sessioninfo id="MacBook-Pro-de-PC-Matthias.local-2bcb4dbd" start="1623922282751" dump="1623922283335"/><sessioninfo id="MacBook-Pro-de-PC-Matthias.local-58e1447d" start="1623922663542" dump="1623922664129"/><sessioninfo id="MacBook-Pro-de-PC-Matthias.local-efa2fe89" start="1623922976933" dump="1623922977575"/><sessioninfo id="MacBook-Pro-de-PC-Matthias.local-12a48669" start="1623923266413" dump="1623923266789"/><sessioninfo id="MacBook-Pro-de-PC-Matthias.local-355fc6cc" start="1623923414805" dump="1623923415215"/><sessioninfo id="MacBook-Pro-de-PC-Matthias.local-c463b6b7" start="1623923514065" dump="1623923514454"/><sessioninfo id="MacBook-Pro-de-PC-Matthias.local-40b1e423" start="1623923619137" dump="1623923619512"/><sessioninfo id="MacBook-Pro-de-PC-Matthias.local-916cf299" start="1623923790238" dump="1623923790636"/><sessioninfo id="MacBook-Pro-de-PC-Matthias.local-302727ae" start="1623923857504" dump="1623923858103"/><sessioninfo id="MacBook-Pro-de-PC-Matthias.local-ba1df20b" start="1623924079100" dump="1623924079657"/><sessioninfo id="MacBook-Pro-de-PC-Matthias.local-6c400da0" start="1623924194779" dump="1623924195169"/><sessioninfo id="MacBook-Pro-de-PC-Matthias.local-7d029069" start="1623924275540" dump="1623924275959"/><sessioninfo id="MacBook-Pro-de-PC-Matthias.local-dae9a114" start="1623924283814" dump="1623924284240"/><sessioninfo id="MacBook-Pro-de-PC-Matthias.local-59be7b3f" start="1623924292050" dump="1623924292438"/><sessioninfo id="MacBook-Pro-de-PC-Matthias.local-5486897e" start="1623924358969" dump="1623924359529"/><sessioninfo id="MacBook-Pro-de-PC-Matthias.local-4208f900" start="1623924415146" dump="1623924415564"/><sessioninfo id="MacBook-Pro-de-PC-Matthias.local-71dc3823" start="1623924503626" dump="1623924504279"/><sessioninfo id="MacBook-Pro-de-PC-Matthias.local-a35d3e86" start="1623924666742" dump="1623924667349"/><sessioninfo id="MacBook-Pro-de-PC-Matthias.local-587dcea" start="1623924783017" dump="1623924783429"/><sessioninfo id="MacBook-Pro-de-PC-Matthias.local-acea3bc8" start="1623924850694" dump="1623924851101"/><sessioninfo id="MacBook-Pro-de-PC-Matthias.local-b28d9eeb" start="1623924944991" dump="1623924945433"/><sessioninfo id="MacBook-Pro-de-PC-Matthias.local-435650fc" start="1623925258182" dump="1623925258764"/><sessioninfo id="MacBook-Pro-de-PC-Matthias.local-49b70846" start="1623925380104" dump="1623925380706"/><sessioninfo id="MacBook-Pro-de-PC-Matthias.local-987c7216" start="1623925486898" dump="1623925487306"/><sessioninfo id="MacBook-Pro-de-PC-Matthias.local-5b203b3" start="1623925574969" dump="1623925575589"/><sessioninfo id="MacBook-Pro-de-PC-Matthias.local-6b1582ae" start="1623925846057" dump="1623925846604"/><sessioninfo id="MacBook-Pro-de-PC-Matthias.local-59682327" start="1623926003014" dump="1623926003566"/><sessioninfo id="MacBook-Pro-de-PC-Matthias.local-b24f6db3" start="1623926272808" dump="1623926273418"/><sessioninfo id="MacBook-Pro-de-PC-Matthias.local-98918700" start="1623926326063" dump="1623926326473"/><sessioninfo id="MacBook-Pro-de-PC-Matthias.local-bf936a16" start="1623926378237" dump="1623926378639"/><sessioninfo id="MacBook-Pro-de-PC-Matthias.local-2fb5cd22" start="1623926532541" dump="1623926533279"/><sessioninfo id="MacBook-Pro-de-PC-Matthias.local-4f163816" start="1623926640957" dump="1623926641343"/><sessioninfo id="MacBook-Pro-de-PC-Matthias.local-c3be65ea" start="1623926817141" dump="1623926817775"/><sessioninfo id="MacBook-Pro-de-PC-Matthias.local-5538bc07" start="1623926985850" dump="1623926986425"/><sessioninfo id="MacBook-Pro-de-PC-Matthias.local-1c28fe96" start="1623926992890" dump="1623926993250"/><sessioninfo id="MacBook-Pro-de-PC-Matthias.local-b9e71c05" start="1623927605210" dump="1623927605737"/><sessioninfo id="MacBook-Pro-de-PC-Matthias.local-17ac1238" start="1623927678801" dump="1623927679222"/><sessioninfo id="MacBook-Pro-de-PC-Matthias.local-8a77e6e7" start="1623927816571" dump="1623927817178"/><sessioninfo id="MacBook-Pro-de-PC-Matthias.local-7b65825d" start="1623928029964" dump="1623928030624"/><sessioninfo id="MacBook-Pro-de-PC-Matthias.local-b5f9c862" start="1623928867004" dump="1623928867575"/><sessioninfo id="MacBook-Pro-de-PC-Matthias.local-56af3904" start="1623928923441" dump="1623928923842"/><sessioninfo id="MacBook-Pro-de-PC-Matthias.local-2e580a89" start="1623929014121" dump="1623929014799"/><sessioninfo id="MacBook-Pro-de-PC-Matthias.local-b9171dd" start="1623929349335" dump="1623929349722"/><sessioninfo id="MacBook-Pro-de-PC-Matthias.local-f2ce4dfe" start="1623929502990" dump="1623929503548"/><sessioninfo id="MacBook-Pro-de-PC-Matthias.local-8fbcb758" start="1623929613960" dump="1623929614349"/><sessioninfo id="MacBook-Pro-de-PC-Matthias.local-7474350" start="1623929809518" dump="1623929810099"/><sessioninfo id="MacBook-Pro-de-PC-Matthias.local-d521277f" start="1623929903820" dump="1623929904194"/><sessioninfo id="MacBook-Pro-de-PC-Matthias.local-bc2f307c" start="1623930029664" dump="1623930030201"/><sessioninfo id="MacBook-Pro-de-PC-Matthias.local-44791536" start="1623930105132" dump="1623930105544"/><sessioninfo id="MacBook-Pro-de-PC-Matthias.local-8b0496bb" start="1623930217204" dump="1623930217799"/><sessioninfo id="MacBook-Pro-de-PC-Matthias.local-25994bda" start="1623930319393" dump="1623930319769"/><sessioninfo id="MacBook-Pro-de-PC-Matthias.local-c78c418b" start="1623930568035" dump="1623930568427"/><sessioninfo id="MacBook-Pro-de-PC-Matthias.local-db581f56" start="1623930636224" dump="1623930636624"/><sessioninfo id="MacBook-Pro-de-PC-Matthias.local-8112b471" start="1623931024728" dump="1623931025308"/><sessioninfo id="MacBook-Pro-de-PC-Matthias.local-6b9ebfab" start="1623931317296" dump="1623931317891"/><sessioninfo id="MacBook-Pro-de-PC-Matthias.local-7add1a2a" start="1623931429758" dump="1623931430163"/><sessioninfo id="MacBook-Pro-de-PC-Matthias.local-db789c5d" start="1623931691434" dump="1623931691806"/><sessioninfo id="MacBook-Pro-de-PC-Matthias.local-eab35a44" start="1623932069689" dump="1623932070261"/><sessioninfo id="MacBook-Pro-de-PC-Matthias.local-db19e4f9" start="1623932348160" dump="1623932348754"/><sessioninfo id="MacBook-Pro-de-PC-Matthias.local-c603a8f3" start="1623938377659" dump="1623938378214"/><sessioninfo id="MacBook-Pro-de-PC-Matthias.local-35921a3" start="1623938497230" dump="1623938498364"/><sessioninfo id="MacBook-Pro-de-PC-Matthias.local-5186e76f" start="1623938969909" dump="1623938970509"/><sessioninfo id="MacBook-Pro-de-PC-Matthias.local-60b02dc3" start="1623939033117" dump="1623939033512"/><sessioninfo id="MacBook-Pro-de-PC-Matthias.local-acc00e7f" start="1623940223122" dump="1623940223683"/><sessioninfo id="MacBook-Pro-de-PC-Matthias.local-e8cb5e46" start="1623940566547" dump="1623940566925"/><sessioninfo id="MacBook-Pro-de-PC-Matthias.local-b715ba60" start="1623940666537" dump="1623940666946"/><sessioninfo id="MacBook-Pro-de-PC-Matthias.local-387c335c" start="1623940776909" dump="1623940777527"/><sessioninfo id="MacBook-Pro-de-PC-Matthias.local-b0c8a8e2" start="1623940838288" dump="1623940838702"/><sessioninfo id="MacBook-Pro-de-PC-Matthias.local-8e9882e0" start="1623941140570" dump="1623941141197"/><sessioninfo id="MacBook-Pro-de-PC-Matthias.local-17559b97" start="1623941269976" dump="1623941270527"/><sessioninfo id="MacBook-Pro-de-PC-Matthias.local-860d5477" start="1623941576685" dump="1623941577332"/><sessioninfo id="MacBook-Pro-de-PC-Matthias.local-a6b90ee6" start="1623941787382" dump="1623941787770"/><sessioninfo id="MacBook-Pro-de-PC-Matthias.local-fe10711f" start="1623941853645" dump="1623941854087"/><sessioninfo id="MacBook-Pro-de-PC-Matthias.local-375880f1" start="1623942357045" dump="1623942357598"/><sessioninfo id="MacBook-Pro-de-PC-Matthias.local-c203a04b" start="1623942537155" dump="1623942537527"/><sessioninfo id="MacBook-Pro-de-PC-Matthias.local-9628a797" start="1623942721316" dump="1623942721927"/><sessioninfo id="MacBook-Pro-de-PC-Matthias.local-63008678" start="1623942902413" dump="1623942902956"/><sessioninfo id="MacBook-Pro-de-PC-Matthias.local-478b7221" start="1623943006665" dump="1623943007059"/><sessioninfo id="MacBook-Pro-de-PC-Matthias.local-e45e3fe7" start="1623943078018" dump="1623943078596"/><sessioninfo id="MacBook-Pro-de-PC-Matthias.local-327fff22" start="1623944097030" dump="1623944097572"/><sessioninfo id="MacBook-Pro-de-PC-Matthias.local-3f387f01" start="1623944255739" dump="1623944256284"/><sessioninfo id="MacBook-Pro-de-PC-Matthias.local-c2d33407" start="1623944339031" dump="1623944339516"/><sessioninfo id="MacBook-Pro-de-PC-Matthias.local-bacbc239" start="1623944413404" dump="1623944413979"/><sessioninfo id="MacBook-Pro-de-PC-Matthias.local-4c09b84" start="1623944566087" dump="1623944566813"/><sessioninfo id="MacBook-Pro-de-PC-Matthias.local-1d6c3197" start="1623944644614" dump="1623944644997"/><sessioninfo id="MacBook-Pro-de-PC-Matthias.local-a43a9c17" start="1623944731276" dump="1623944731843"/><sessioninfo id="MacBook-Pro-de-PC-Matthias.local-e639906d" start="1623944874101" dump="1623944874480"/><sessioninfo id="MacBook-Pro-de-PC-Matthias.local-cd044f5b" start="1623945302978" dump="1623945303623"/><sessioninfo id="MacBook-Pro-de-PC-Matthias.local-15b651dd" start="1623945310457" dump="1623945310810"/><sessioninfo id="MacBook-Pro-de-PC-Matthias.local-35d18058" start="1623945517944" dump="1623945518341"/><sessioninfo id="MacBook-Pro-de-PC-Matthias.local-b2382008" start="1623945728419" dump="1623945728983"/><sessioninfo id="MacBook-Pro-de-PC-Matthias.local-e69a6657" start="1623945869017" dump="1623945869576"/><sessioninfo id="MacBook-Pro-de-PC-Matthias.local-d80524fd" start="1623945990181" dump="1623945990611"/><sessioninfo id="MacBook-Pro-de-PC-Matthias.local-cab3c97d" start="1623946619597" dump="1623946620220"/><sessioninfo id="MacBook-Pro-de-PC-Matthias.local-40203230" start="1623946864241" dump="1623946864842"/><sessioninfo id="MacBook-Pro-de-PC-Matthias.local-39119b7b" start="1623947199783" dump="1623947200468"/><sessioninfo id="MacBook-Pro-de-PC-Matthias.local-71ee0164" start="1623947430560" dump="1623947431149"/><sessioninfo id="MacBook-Pro-de-PC-Matthias.local-73f1170e" start="1623947910061" dump="1623947910683"/><sessioninfo id="MacBook-Pro-de-PC-Matthias.local-d17e5311" start="1624003558836" dump="1624003559381"/><sessioninfo id="MacBook-Pro-de-PC-Matthias.local-496db969" start="1624003614698" dump="1624003615070"/><sessioninfo id="MacBook-Pro-de-PC-Matthias.local-823e28b9" start="1624005967071" dump="1624005967873"/><sessioninfo id="MacBook-Pro-de-PC-Matthias.local-d77e3cb6" start="1624006137261" dump="1624006137973"/><sessioninfo id="MacBook-Pro-de-PC-Matthias.local-1b1e2b52" start="1624006301223" dump="1624006301897"/><sessioninfo id="MacBook-Pro-de-PC-Matthias.local-ed7522e8" start="1624007278950" dump="1624007279329"/><sessioninfo id="MacBook-Pro-de-PC-Matthias.local-cb68c63" start="1624010012859" dump="1624010013601"/><sessioninfo id="MacBook-Pro-de-PC-Matthias.local-81ce09f4" start="1624010157613" dump="1624010157991"/><sessioninfo id="MacBook-Pro-de-PC-Matthias.local-3adce790" start="1624010382958" dump="1624010383493"/><sessioninfo id="MacBook-Pro-de-PC-Matthias.local-cab56080" start="1624010491256" dump="1624010491612"/><sessioninfo id="MacBook-Pro-de-PC-Matthias.local-64aaf658" start="1624010715312" dump="1624010715884"/><sessioninfo id="MacBook-Pro-de-PC-Matthias.local-914a8a0b" start="1624010922082" dump="1624010922672"/><sessioninfo id="MacBook-Pro-de-PC-Matthias.local-a2913e54" start="1624010967763" dump="1624010968208"/><sessioninfo id="MacBook-Pro-de-PC-Matthias.local-139362c3" start="1624011098346" dump="1624011098935"/><sessioninfo id="MacBook-Pro-de-PC-Matthias.local-263b93e3" start="1624011267453" dump="1624011268086"/><sessioninfo id="MacBook-Pro-de-PC-Matthias.local-177c52d2" start="1624011851807" dump="1624011852344"/><sessioninfo id="MacBook-Pro-de-PC-Matthias.local-b5bb740c" start="1624011905448" dump="1624011905860"/><sessioninfo id="MacBook-Pro-de-PC-Matthias.local-9e15b7de" start="1624012102329" dump="1624012102877"/><sessioninfo id="MacBook-Pro-de-PC-Matthias.local-29c9c86b" start="1624012660953" dump="1624012661468"/><sessioninfo id="MacBook-Pro-de-PC-Matthias.local-43e98bec" start="1624012899184" dump="1624012899841"/><sessioninfo id="MacBook-Pro-de-PC-Matthias.local-857db9f0" start="1624013598815" dump="1624013599396"/><sessioninfo id="MacBook-Pro-de-PC-Matthias.local-7070d068" start="1624013706168" dump="1624013706541"/><sessioninfo id="MacBook-Pro-de-PC-Matthias.local-da80dffe" start="1624013815265" dump="1624013815918"/><sessioninfo id="MacBook-Pro-de-PC-Matthias.local-3ec96434" start="1624013899090" dump="1624013899495"/><sessioninfo id="MacBook-Pro-de-PC-Matthias.local-f68a36d5" start="1624014198692" dump="1624014199277"/><sessioninfo id="MacBook-Pro-de-PC-Matthias.local-ac97c9d" start="1624014297165" dump="1624014297533"/><sessioninfo id="MacBook-Pro-de-PC-Matthias.local-55439e13" start="1624090243299" dump="1624090243771"/><sessioninfo id="MacBook-Pro-de-PC-Matthias.local-5a90c2cb" start="1624091732428" dump="1624091732978"/><sessioninfo id="MacBook-Pro-de-PC-Matthias.local-a3489f76" start="1624091915897" dump="1624091916279"/><sessioninfo id="MacBook-Pro-de-PC-Matthias.local-9d5368d" start="1624092112896" dump="1624092113523"/><sessioninfo id="MacBook-Pro-de-PC-Matthias.local-1fcfa00c" start="1624092437742" dump="1624092438349"/><sessioninfo id="MacBook-Pro-de-PC-Matthias.local-c414fc1f" start="1624092574225" dump="1624092574774"/><sessioninfo id="MacBook-Pro-de-PC-Matthias.local-69158eb0" start="1624092715720" dump="1624092716357"/><sessioninfo id="MacBook-Pro-de-PC-Matthias.local-255c93ad" start="1624092835138" dump="1624092835517"/><sessioninfo id="MacBook-Pro-de-PC-Matthias.local-a353c427" start="1624093035216" dump="1624093035597"/><sessioninfo id="MacBook-Pro-de-PC-Matthias.local-c95bd531" start="1624093162512" dump="1624093163175"/><sessioninfo id="MacBook-Pro-de-PC-Matthias.local-21883a14" start="1624093338045" dump="1624093338672"/><sessioninfo id="MacBook-Pro-de-PC-Matthias.local-48533971" start="1624093412382" dump="1624093412820"/><sessioninfo id="MacBook-Pro-de-PC-Matthias.local-16ae3f0c" start="1624094320101" dump="1624094320643"/><sessioninfo id="MacBook-Pro-de-PC-Matthias.local-2affaae7" start="1624094789193" dump="1624094789806"/><sessioninfo id="MacBook-Pro-de-PC-Matthias.local-7a0db9d0" start="1624095311794" dump="1624095312201"/><sessioninfo id="MacBook-Pro-de-PC-Matthias.local-23130058" start="1624095942390" dump="1624095942776"/><sessioninfo id="MacBook-Pro-de-PC-Matthias.local-24003714" start="1624095982474" dump="1624095982886"/><sessioninfo id="MacBook-Pro-de-PC-Matthias.local-9b7d8e55" start="1624096073531" dump="1624096073925"/><sessioninfo id="MacBook-Pro-de-PC-Matthias.local-b20921ff" start="1624096150540" dump="1624096150952"/><sessioninfo id="MacBook-Pro-de-PC-Matthias.local-6e28655f" start="1624096541244" dump="1624096541848"/><sessioninfo id="MacBook-Pro-de-PC-Matthias.local-c8e16b43" start="1624097251768" dump="1624097252147"/><sessioninfo id="MacBook-Pro-de-PC-Matthias.local-d1546ed8" start="1624097947432" dump="1624097948006"/><sessioninfo id="MacBook-Pro-de-PC-Matthias.local-c11e6cf6" start="1624098009896" dump="1624098010309"/><sessioninfo id="MacBook-Pro-de-PC-Matthias.local-1d848458" start="1624098205263" dump="1624098205687"/><sessioninfo id="MacBook-Pro-de-PC-Matthias.local-8462b3f9" start="1624098878603" dump="1624098878989"/><sessioninfo id="MacBook-Pro-de-PC-Matthias.local-9fc6bd4a" start="1624099120700" dump="1624099121080"/><sessioninfo id="MacBook-Pro-de-PC-Matthias.local-e9a44ff1" start="1624099184805" dump="1624099185186"/><sessioninfo id="MacBook-Pro-de-PC-Matthias.local-2cc72a90" start="1624099376203" dump="1624099376585"/><sessioninfo id="MacBook-Pro-de-PC-Matthias.local-24fb3ae0" start="1624099621085" dump="1624099621470"/><sessioninfo id="MacBook-Pro-de-PC-Matthias.local-2265c815" start="1624099723187" dump="1624099723563"/><sessioninfo id="MacBook-Pro-de-PC-Matthias.local-24624ba3" start="1624099823931" dump="1624099824331"/><sessioninfo id="MacBook-Pro-de-PC-Matthias.local-a58855be" start="1624100067851" dump="1624100068449"/><sessioninfo id="MacBook-Pro-de-PC-Matthias.local-f85e5625" start="1624100277733" dump="1624100278114"/><sessioninfo id="MacBook-Pro-de-PC-Matthias.local-455a9458" start="1624100921902" dump="1624100922489"/><sessioninfo id="MacBook-Pro-de-PC-Matthias.local-21812f21" start="1624101039711" dump="1624101040097"/><sessioninfo id="MacBook-Pro-de-PC-Matthias.local-5c38433f" start="1624118803446" dump="1624118803851"/><sessioninfo id="MacBook-Pro-de-PC-Matthias.local-117b9954" start="1624119431454" dump="1624119432015"/><sessioninfo id="MacBook-Pro-de-PC-Matthias.local-d6b71678" start="1624119820278" dump="1624119820886"/><sessioninfo id="MacBook-Pro-de-PC-Matthias.local-f5a41dc0" start="1624121832377" dump="1624121832757"/><sessioninfo id="MacBook-Pro-de-PC-Matthias.local-aa08042f" start="1624121890632" dump="1624121891048"/><sessioninfo id="MacBook-Pro-de-PC-Matthias.local-513a9ec3" start="1624122012878" dump="1624122013575"/><sessioninfo id="MacBook-Pro-de-PC-Matthias.local-f3b79554" start="1624126643798" dump="1624126644350"/><sessioninfo id="MacBook-Pro-de-PC-Matthias.local-b67021ed" start="1624126761562" dump="1624126761967"/><sessioninfo id="MacBook-Pro-de-PC-Matthias.local-72c20010" start="1624126840786" dump="1624126841198"/><sessioninfo id="MacBook-Pro-de-PC-Matthias.local-aa561bcf" start="1624127203058" dump="1624127203616"/><sessioninfo id="MacBook-Pro-de-PC-Matthias.local-be651cdd" start="1624127387783" dump="1624127388184"/><sessioninfo id="MacBook-Pro-de-PC-Matthias.local-5b70a9c1" start="1624127534048" dump="1624127534622"/><sessioninfo id="MacBook-Pro-de-PC-Matthias.local-32ab67ce" start="1624127599179" dump="1624127599586"/><sessioninfo id="MacBook-Pro-de-PC-Matthias.local-fbb9eb2e" start="1624127775571" dump="1624127776160"/><sessioninfo id="MacBook-Pro-de-PC-Matthias.local-b0d6790d" start="1624127787954" dump="1624127788322"/><sessioninfo id="MacBook-Pro-de-PC-Matthias.local-73c7613b" start="1624128014671" dump="1624128015252"/><sessioninfo id="MacBook-Pro-de-PC-Matthias.local-72736cc1" start="1624128652580" dump="1624128652967"/><sessioninfo id="MacBook-Pro-de-PC-Matthias.local-66c32030" start="1624128822617" dump="1624128823224"/><sessioninfo id="MacBook-Pro-de-PC-Matthias.local-fa7ed2b0" start="1624128904757" dump="1624128905135"/><sessioninfo id="MacBook-Pro-de-PC-Matthias.local-2ab1b090" start="1624129208931" dump="1624129209558"/><sessioninfo id="MacBook-Pro-de-PC-Matthias.local-bd9b60dc" start="1624129349789" dump="1624129350223"/><sessioninfo id="MacBook-Pro-de-PC-Matthias.local-6c02af21" start="1624129447415" dump="1624129447816"/><sessioninfo id="MacBook-Pro-de-PC-Matthias.local-363e257" start="1624129483516" dump="1624129484091"/><sessioninfo id="MacBook-Pro-de-PC-Matthias.local-efd31b07" start="1624129623401" dump="1624129623956"/><sessioninfo id="MacBook-Pro-de-PC-Matthias.local-16e5b32f" start="1624129696820" dump="1624129697224"/><sessioninfo id="MacBook-Pro-de-PC-Matthias.local-81c16e4d" start="1624129788967" dump="1624129789570"/><sessioninfo id="MacBook-Pro-de-PC-Matthias.local-97eb1ac1" start="1624130045115" dump="1624130045668"/><sessioninfo id="MacBook-Pro-de-PC-Matthias.local-e26f6844" start="1624130120640" dump="1624130121041"/><sessioninfo id="MacBook-Pro-de-PC-Matthias.local-8db4ff80" start="1624180737969" dump="1624180738363"/><sessioninfo id="MacBook-Pro-de-PC-Matthias.local-f7a1527f" start="1624180803868" dump="1624180804280"/><sessioninfo id="MacBook-Pro-de-PC-Matthias.local-c6a8ff77" start="1624181108212" dump="1624181108578"/><sessioninfo id="MacBook-Pro-de-PC-Matthias.local-2fc3832e" start="1624181634467" dump="1624181634846"/><sessioninfo id="MacBook-Pro-de-PC-Matthias.local-f5cef96" start="1624181843132" dump="1624181843503"/><sessioninfo id="MacBook-Pro-de-PC-Matthias.local-cf3a7553" start="1624184398201" dump="1624184398794"/><sessioninfo id="MacBook-Pro-de-PC-Matthias.local-249b1526" start="1624184510814" dump="1624184511192"/><sessioninfo id="MacBook-Pro-de-PC-Matthias.local-8483f7a6" start="1624184792384" dump="1624184792766"/><sessioninfo id="MacBook-Pro-de-PC-Matthias.local-def1d114" start="1624184846928" dump="1624184847522"/><sessioninfo id="MacBook-Pro-de-PC-Matthias.local-b5563f72" start="1624185242660" dump="1624185243062"/><sessioninfo id="MacBook-Pro-de-PC-Matthias.local-1294f51b" start="1624185351327" dump="1624185351705"/><sessioninfo id="MacBook-Pro-de-PC-Matthias.local-c1f9e5" start="1624186059535" dump="1624186059909"/><sessioninfo id="MacBook-Pro-de-PC-Matthias.local-2de3bc43" start="1624186140513" dump="1624186141111"/><sessioninfo id="MacBook-Pro-de-PC-Matthias.local-c1e33088" start="1624186236379" dump="1624186236810"/><sessioninfo id="MacBook-Pro-de-PC-Matthias.local-8e906381" start="1624186299089" dump="1624186299527"/><sessioninfo id="MacBook-Pro-de-PC-Matthias.local-5e3bd5a" start="1624186429207" dump="1624186429740"/><sessioninfo id="MacBook-Pro-de-PC-Matthias.local-b22007f3" start="1624186543737" dump="1624186544134"/><sessioninfo id="MacBook-Pro-de-PC-Matthias.local-5147264f" start="1624186702662" dump="1624186703263"/><sessioninfo id="MacBook-Pro-de-PC-Matthias.local-220c04ed" start="1624186833612" dump="1624186833991"/><sessioninfo id="MacBook-Pro-de-PC-Matthias.local-fb7ba612" start="1624186963377" dump="1624186963908"/><sessioninfo id="MacBook-Pro-de-PC-Matthias.local-6384558" start="1624187141354" dump="1624187141730"/><sessioninfo id="MacBook-Pro-de-PC-Matthias.local-7ff30598" start="1624187417021" dump="1624187417599"/><sessioninfo id="MacBook-Pro-de-PC-Matthias.local-309c4f2e" start="1624187608979" dump="1624187609520"/><sessioninfo id="MacBook-Pro-de-PC-Matthias.local-ae15d06b" start="1624188615128" dump="1624188615776"/><sessioninfo id="MacBook-Pro-de-PC-Matthias.local-336595fc" start="1624188711477" dump="1624188711860"/><sessioninfo id="MacBook-Pro-de-PC-Matthias.local-5fd5407c" start="1624188961628" dump="1624188962227"/><sessioninfo id="MacBook-Pro-de-PC-Matthias.local-484bd64" start="1624189043758" dump="1624189044137"/><sessioninfo id="MacBook-Pro-de-PC-Matthias.local-5a147211" start="1624189086551" dump="1624189087125"/><sessioninfo id="MacBook-Pro-de-PC-Matthias.local-70575552" start="1624189264302" dump="1624189264852"/><sessioninfo id="MacBook-Pro-de-PC-Matthias.local-7141237d" start="1624189354846" dump="1624189355248"/><sessioninfo id="MacBook-Pro-de-PC-Matthias.local-4b9c5703" start="1624189492181" dump="1624189492776"/><sessioninfo id="MacBook-Pro-de-PC-Matthias.local-25827f51" start="1624189605657" dump="1624189606059"/><sessioninfo id="MacBook-Pro-de-PC-Matthias.local-43156677" start="1624189887553" dump="1624189888147"/><sessioninfo id="MacBook-Pro-de-PC-Matthias.local-44951cc0" start="1624190305417" dump="1624190306006"/><sessioninfo id="MacBook-Pro-de-PC-Matthias.local-7a47c7fa" start="1624190454166" dump="1624190454767"/><sessioninfo id="MacBook-Pro-de-PC-Matthias.local-e0371b78" start="1624190541324" dump="1624190541696"/><sessioninfo id="MacBook-Pro-de-PC-Matthias.local-e1257421" start="1624190751261" dump="1624190751634"/><sessioninfo id="MacBook-Pro-de-PC-Matthias.local-b3fc3c48" start="1624190952657" dump="1624190953280"/><sessioninfo id="MacBook-Pro-de-PC-Matthias.local-7e67ccda" start="1624191256820" dump="1624191257372"/><sessioninfo id="MacBook-Pro-de-PC-Matthias.local-beeeef1d" start="1624191587337" dump="1624191587928"/><sessioninfo id="MacBook-Pro-de-PC-Matthias.local-440bfaf5" start="1624191656149" dump="1624191656535"/><sessioninfo id="MacBook-Pro-de-PC-Matthias.local-9914ed84" start="1624191711920" dump="1624191712506"/><sessioninfo id="MacBook-Pro-de-PC-Matthias.local-783778a8" start="1624191900297" dump="1624191900672"/><sessioninfo id="MacBook-Pro-de-PC-Matthias.local-e7bf0d5f" start="1624191979576" dump="1624191979948"/><sessioninfo id="MacBook-Pro-de-PC-Matthias.local-47b4fe67" start="1624192089653" dump="1624192090034"/><sessioninfo id="MacBook-Pro-de-PC-Matthias.local-6476cf80" start="1624192442867" dump="1624192443480"/><sessioninfo id="MacBook-Pro-de-PC-Matthias.local-3917a313" start="1624192833242" dump="1624192833886"/><sessioninfo id="MacBook-Pro-de-PC-Matthias.local-aa5174dd" start="1624192848514" dump="1624192848864"/><sessioninfo id="MacBook-Pro-de-PC-Matthias.local-6064aae9" start="1624193122792" dump="1624193123199"/><package name="petition"><class name="petition/App" sourcefilename="App.java"><method name="&lt;init&gt;" desc="()V" line="7"><counter type="INSTRUCTION" missed="3" covered="0"/><counter type="LINE" missed="1" covered="0"/><counter type="COMPLEXITY" missed="1" covered="0"/><counter type="METHOD" missed="1" covered="0"/></method><method name="main" desc="([Ljava/lang/String;)V" line="11"><counter type="INSTRUCTION" missed="4" covered="0"/><counter type="LINE" missed="2" covered="0"/><counter type="COMPLEXITY" missed="1" covered="0"/><counter type="METHOD" missed="1" covered="0"/></method><counter type="INSTRUCTION" missed="7" covered="0"/><counter type="LINE" missed="3" covered="0"/><counter type="COMPLEXITY" missed="2" covered="0"/><counter type="METHOD" missed="2" covered="0"/><counter type="CLASS" missed="1" covered="0"/></class><class name="petition/PetitionEndpoint" sourcefilename="PetitionEndpoint.java"><method name="&lt;init&gt;" desc="()V" line="52"><counter type="INSTRUCTION" missed="3" covered="0"/><counter type="LINE" missed="1" covered="0"/><counter type="COMPLEXITY" missed="1" covered="0"/><counter type="METHOD" missed="1" covered="0"/></method><method name="getAllPetition" desc="(Ljava/lang/String;)Lcom/google/api/server/spi/response/CollectionResponse;" line="57"><counter type="INSTRUCTION" missed="43" covered="0"/><counter type="BRANCH" missed="4" covered="0"/><counter type="LINE" missed="10" covered="0"/><counter type="COMPLEXITY" missed="3" covered="0"/><counter type="METHOD" missed="1" covered="0"/></method><method name="getMyPetition" desc="(Ljava/lang/String;)Ljava/util/List;" line="77"><counter type="INSTRUCTION" missed="25" covered="0"/><counter type="LINE" missed="5" covered="0"/><counter type="COMPLEXITY" missed="1" covered="0"/><counter type="METHOD" missed="1" covered="0"/></method><method name="getpetitionbysign" desc="()Ljava/util/List;" line="90"><counter type="INSTRUCTION" missed="21" covered="0"/><counter type="LINE" missed="5" covered="0"/><counter type="COMPLEXITY" missed="1" covered="0"/><counter type="METHOD" missed="1" covered="0"/></method><method name="voterPetition" desc="(Ljava/lang/String;Ljava/lang/String;)Lcom/google/appengine/api/datastore/Entity;" line="102"><counter type="INSTRUCTION" missed="207" covered="0"/><counter type="BRANCH" missed="4" covered="0"/><counter type="LINE" missed="32" covered="0"/><counter type="COMPLEXITY" missed="3" covered="0"/><counter type="METHOD" missed="1" covered="0"/></method><method name="checkVotePetition" desc="(Ljava/lang/String;Ljava/lang/String;)Lcom/google/appengine/api/datastore/Entity;" line="152"><counter type="INSTRUCTION" missed="74" covered="0"/><counter type="LINE" missed="11" covered="0"/><counter type="COMPLEXITY" missed="1" covered="0"/><counter type="METHOD" missed="1" covered="0"/></method><method name="savePetition" desc="(Ljava/lang/String;Ljava/lang/String;Ljava/lang/String;Ljava/lang/String;)Lcom/google/appengine/api/datastore/Entity;" line="172"><counter type="INSTRUCTION" missed="84" covered="0"/><counter type="LINE" missed="15" covered="0"/><counter type="COMPLEXITY" missed="1" covered="0"/><counter type="METHOD" missed="1" covered="0"/></method><method name="cleanRepository" desc="()Ljava/util/List;" line="197"><counter type="INSTRUCTION" missed="46" covered="0"/><counter type="BRANCH" missed="2" covered="0"/><counter type="LINE" missed="9" covered="0"/><counter type="COMPLEXITY" missed="2" covered="0"/><counter type="METHOD" missed="1" covered="0"/></method><method name="populateRepository" desc="()Ljava/util/List;" line="213"><counter type="INSTRUCTION" missed="146" covered="0"/><counter type="BRANCH" missed="4" covered="0"/><counter type="LINE" missed="23" covered="0"/><counter type="COMPLEXITY" missed="3" covered="0"/><counter type="METHOD" missed="1" covered="0"/></method><counter type="INSTRUCTION" missed="649" covered="0"/><counter type="BRANCH" missed="14" covered="0"/><counter type="LINE" missed="111" covered="0"/><counter type="COMPLEXITY" missed="16" covered="0"/><counter type="METHOD" missed="9" covered="0"/><counter type="CLASS" missed="1" covered="0"/></class><class name="petition/PetitionServlet" sourcefilename="PetitionServlet.java"><method name="&lt;init&gt;" desc="()V" line="35"><counter type="INSTRUCTION" missed="3" covered="0"/><counter type="LINE" missed="1" covered="0"/><counter type="COMPLEXITY" missed="1" covered="0"/><counter type="METHOD" missed="1" covered="0"/></method><method name="doGet" desc="(Ljavax/servlet/http/HttpServletRequest;Ljavax/servlet/http/HttpServletResponse;)V" line="40"><counter type="INSTRUCTION" missed="1" covered="0"/><counter type="LINE" missed="1" covered="0"/><counter type="COMPLEXITY" missed="1" covered="0"/><counter type="METHOD" missed="1" covered="0"/></method><counter type="INSTRUCTION" missed="4" covered="0"/><counter type="LINE" missed="2" covered="0"/><counter type="COMPLEXITY" missed="2" covered="0"/><counter type="METHOD" missed="2" covered="0"/><counter type="CLASS" missed="1" covered="0"/></class><sourcefile name="App.java"><line nr="7" mi="3" ci="0" mb="0" cb="0"/><line nr="11" mi="3" ci="0" mb="0" cb="0"/><line nr="12" mi="1" ci="0" mb="0" cb="0"/><counter type="INSTRUCTION" missed="7" covered="0"/><counter type="LINE" missed="3" covered="0"/><counter type="COMPLEXITY" missed="2" covered="0"/><counter type="METHOD" missed="2" covered="0"/><counter type="CLASS" missed="1" covered="0"/></sourcefile><sourcefile name="PetitionEndpoint.java"><line nr="52" mi="3" ci="0" mb="0" cb="0"/><line nr="57" mi="3" ci="0" mb="0" cb="0"/><line nr="58" mi="6" ci="0" mb="4" cb="0"/><line nr="59" mi="5" ci="0" mb="0" cb="0"/><line nr="62" mi="5" ci="0" mb="0" cb="0"/><line nr="63" mi="3" ci="0" mb="0" cb="0"/><line nr="65" mi="2" ci="0" mb="0" cb="0"/><line nr="66" mi="4" ci="0" mb="0" cb="0"/><line nr="68" mi="4" ci="0" mb="0" cb="0"/><line nr="69" mi="4" ci="0" mb="0" cb="0"/><line nr="71" mi="7" ci="0" mb="0" cb="0"/><line nr="77" mi="12" ci="0" mb="0" cb="0"/><line nr="79" mi="2" ci="0" mb="0" cb="0"/><line nr="80" mi="4" ci="0" mb="0" cb="0"/><line nr="81" mi="5" ci="0" mb="0" cb="0"/><line nr="83" mi="2" ci="0" mb="0" cb="0"/><line nr="90" mi="8" ci="0" mb="0" cb="0"/><line nr="92" mi="2" ci="0" mb="0" cb="0"/><line nr="93" mi="4" ci="0" mb="0" cb="0"/><line nr="94" mi="5" ci="0" mb="0" cb="0"/><line nr="96" mi="2" ci="0" mb="0" cb="0"/><line nr="102" mi="12" ci="0" mb="0" cb="0"/><line nr="104" mi="9" ci="0" mb="0" cb="0"/><line nr="105" mi="9" ci="0" mb="0" cb="0"/><line nr="106" mi="9" ci="0" mb="0" cb="0"/><line nr="107" mi="9" ci="0" mb="0" cb="0"/><line nr="110" mi="2" ci="0" mb="0" cb="0"/><line nr="111" mi="4" ci="0" mb="0" cb="0"/><line nr="113" mi="9" ci="0" mb="0" cb="0"/><line nr="114" mi="9" ci="0" mb="0" cb="0"/><line nr="115" mi="9" ci="0" mb="0" cb="0"/><line nr="116" mi="9" ci="0" mb="0" cb="0"/><line nr="117" mi="3" ci="0" mb="0" cb="0"/><line nr="119" mi="9" ci="0" mb="0" cb="0"/><line nr="120" mi="9" ci="0" mb="0" cb="0"/><line nr="121" mi="9" ci="0" mb="0" cb="0"/><line nr="122" mi="9" ci="0" mb="0" cb="0"/><line nr="124" mi="2" ci="0" mb="2" cb="0"/><line nr="125" mi="3" ci="0" mb="0" cb="0"/><line nr="126" mi="6" ci="0" mb="0" cb="0"/><line nr="127" mi="9" ci="0" mb="0" cb="0"/><line nr="128" mi="7" ci="0" mb="0" cb="0"/><line nr="129" mi="9" ci="0" mb="0" cb="0"/><line nr="130" mi="4" ci="0" mb="0" cb="0"/><line nr="131" mi="4" ci="0" mb="2" cb="0"/><line nr="133" mi="5" ci="0" mb="0" cb="0"/><line nr="135" mi="9" ci="0" mb="0" cb="0"/><line nr="136" mi="4" ci="0" mb="0" cb="0"/><line nr="137" mi="3" ci="0" mb="0" cb="0"/><line nr="138" mi="4" ci="0" mb="0" cb="0"/><line nr="139" mi="3" ci="0" mb="0" cb="0"/><line nr="142" mi="4" ci="0" mb="0" cb="0"/><line nr="145" mi="2" ci="0" mb="0" cb="0"/><line nr="152" mi="11" ci="0" mb="0" cb="0"/><line nr="153" mi="9" ci="0" mb="0" cb="0"/><line nr="154" mi="7" ci="0" mb="0" cb="0"/><line nr="156" mi="2" ci="0" mb="0" cb="0"/><line nr="157" mi="4" ci="0" mb="0" cb="0"/><line nr="158" mi="3" ci="0" mb="0" cb="0"/><line nr="160" mi="9" ci="0" mb="0" cb="0"/><line nr="161" mi="9" ci="0" mb="0" cb="0"/><line nr="162" mi="9" ci="0" mb="0" cb="0"/><line nr="163" mi="9" ci="0" mb="0" cb="0"/><line nr="165" mi="2" ci="0" mb="0" cb="0"/><line nr="172" mi="2" ci="0" mb="0" cb="0"/><line nr="174" mi="5" ci="0" mb="0" cb="0"/><line nr="175" mi="5" ci="0" mb="0" cb="0"/><line nr="177" mi="3" ci="0" mb="0" cb="0"/><line nr="180" mi="17" ci="0" mb="0" cb="0"/><line nr="181" mi="13" ci="0" mb="0" cb="0"/><line nr="182" mi="4" ci="0" mb="0" cb="0"/><line nr="183" mi="4" ci="0" mb="0" cb="0"/><line nr="184" mi="4" ci="0" mb="0" cb="0"/><line nr="185" mi="4" ci="0" mb="0" cb="0"/><line nr="186" mi="5" ci="0" mb="0" cb="0"/><line nr="187" mi="6" ci="0" mb="0" cb="0"/><line nr="188" mi="6" ci="0" mb="0" cb="0"/><line nr="189" mi="4" ci="0" mb="0" cb="0"/><line nr="191" mi="2" ci="0" mb="0" cb="0"/><line nr="197" mi="4" ci="0" mb="0" cb="0"/><line nr="199" mi="2" ci="0" mb="0" cb="0"/><line nr="201" mi="5" ci="0" mb="0" cb="0"/><line nr="202" mi="4" ci="0" mb="0" cb="0"/><line nr="203" mi="4" ci="0" mb="0" cb="0"/><line nr="204" mi="11" ci="0" mb="2" cb="0"/><line nr="205" mi="5" ci="0" mb="0" cb="0"/><line nr="206" mi="9" ci="0" mb="0" cb="0"/><line nr="208" mi="2" ci="0" mb="0" cb="0"/><line nr="213" mi="4" ci="0" mb="0" cb="0"/><line nr="215" mi="2" ci="0" mb="0" cb="0"/><line nr="218" mi="7" ci="0" mb="2" cb="0"/><line nr="220" mi="2" ci="0" mb="0" cb="0"/><line nr="222" mi="4" ci="0" mb="0" cb="0"/><line nr="223" mi="4" ci="0" mb="0" cb="0"/><line nr="225" mi="7" ci="0" mb="2" cb="0"/><line nr="226" mi="1" ci="0" mb="0" cb="0"/><line nr="229" mi="5" ci="0" mb="0" cb="0"/><line nr="230" mi="5" ci="0" mb="0" cb="0"/><line nr="232" mi="3" ci="0" mb="0" cb="0"/><line nr="235" mi="23" ci="0" mb="0" cb="0"/><line nr="236" mi="15" ci="0" mb="0" cb="0"/><line nr="237" mi="10" ci="0" mb="0" cb="0"/><line nr="238" mi="10" ci="0" mb="0" cb="0"/><line nr="239" mi="4" ci="0" mb="0" cb="0"/><line nr="240" mi="12" ci="0" mb="0" cb="0"/><line nr="241" mi="5" ci="0" mb="0" cb="0"/><line nr="242" mi="6" ci="0" mb="0" cb="0"/><line nr="243" mi="6" ci="0" mb="0" cb="0"/><line nr="244" mi="4" ci="0" mb="0" cb="0"/><line nr="245" mi="5" ci="0" mb="0" cb="0"/><line nr="247" mi="2" ci="0" mb="0" cb="0"/><counter type="INSTRUCTION" missed="649" covered="0"/><counter type="BRANCH" missed="14" covered="0"/><counter type="LINE" missed="111" covered="0"/><counter type="COMPLEXITY" missed="16" covered="0"/><counter type="METHOD" missed="9" covered="0"/><counter type="CLASS" missed="1" covered="0"/></sourcefile><sourcefile name="PetitionServlet.java"><line nr="35" mi="3" ci="0" mb="0" cb="0"/><line nr="40" mi="1" ci="0" mb="0" cb="0"/><counter type="INSTRUCTION" missed="4" covered="0"/><counter type="LINE" missed="2" covered="0"/><counter type="COMPLEXITY" missed="2" covered="0"/><counter type="METHOD" missed="2" covered="0"/><counter type="CLASS" missed="1" covered="0"/></sourcefile><counter type="INSTRUCTION" missed="660" covered="0"/><counter type="BRANCH" missed="14" covered="0"/><counter type="LINE" missed="116" covered="0"/><counter type="COMPLEXITY" missed="20" covered="0"/><counter type="METHOD" missed="13" covered="0"/><counter type="CLASS" missed="3" covered="0"/></package><counter type="INSTRUCTION" missed="660" covered="0"/><counter type="BRANCH" missed="14" covered="0"/><counter type="LINE" missed="116" covered="0"/><counter type="COMPLEXITY" missed="20" covered="0"/><counter type="METHOD" missed="13" covered="0"/><counter type="CLASS" missed="3" covered="0"/></report>